2020-07-14 13:25:53,963 - root - INFO - ** Kedro project Movie Recommendation
2020-07-14 13:25:53,963 - root - INFO - Defined global variable `context` and `catalog`
2020-07-14 13:26:28,673 - kedro.io.data_catalog - INFO - Loading data from `kafka_reviews` (CSVDataSet)...
2020-07-14 13:27:21,005 - kedro.io.data_catalog - INFO - Loading data from `kafka_raw_reviews` (CSVDataSet)...
2020-07-14 13:27:56,429 - root - INFO - ** Kedro project Movie Recommendation
2020-07-14 13:27:56,430 - root - INFO - Defined global variable `context` and `catalog`
2020-07-14 13:28:02,107 - kedro.io.data_catalog - INFO - Loading data from `kafka_raw_ratings` (CSVDataSet)...
2020-07-14 13:28:26,902 - kedro.io.data_catalog - INFO - Loading data from `ratings` (CSVDataSet)...
2020-07-14 16:10:54,364 - root - INFO - ** Kedro project movie-recommendation
2020-07-14 16:11:38,972 - root - INFO - ** Kedro project movie-recommendation
2020-07-14 16:11:38,985 - kedro.versioning.journal - WARNING - Unable to git describe /Users/jakecerwin/Desktop/17445/i5/movie-recommendation
2020-07-14 16:17:21,995 - root - INFO - ** Kedro project movie-recommendation
2020-07-14 16:21:03,957 - root - INFO - ** Kedro project movie-recommendation
2020-07-14 16:27:27,354 - root - INFO - ** Kedro project movie-recommendation
2020-07-14 16:27:43,878 - root - INFO - ** Kedro project movie-recommendation
2020-07-14 16:30:29,086 - root - INFO - ** Kedro project movie-recommendation
2020-07-14 16:36:00,432 - root - INFO - ** Kedro project movie-recommendation
2020-07-14 16:36:00,444 - kedro.versioning.journal - WARNING - Unable to git describe /Users/jakecerwin/Desktop/17445/i5/movie-recommendation
2020-07-14 16:36:00,477 - kedro.io.data_catalog - INFO - Loading data from `ratings` (CSVDataSet)...
2020-07-14 16:36:09,994 - kedro.pipeline.node - INFO - Running node: ratings_table: create_ratings_table([ratings]) -> [ratings_table]
2020-07-14 16:36:21,047 - kedro.pipeline.node - ERROR - Node `ratings_table: create_ratings_table([ratings]) -> [ratings_table]` failed with error: 
'list' object has no attribute 'add'
2020-07-14 16:36:21,047 - kedro.runner.sequential_runner - WARNING - There are 2 nodes that have not run.
You can resume the pipeline run by adding the following argument to your previous command:

2020-07-14 16:37:14,130 - root - INFO - ** Kedro project movie-recommendation
2020-07-14 16:37:14,142 - kedro.versioning.journal - WARNING - Unable to git describe /Users/jakecerwin/Desktop/17445/i5/movie-recommendation
2020-07-14 16:37:14,175 - kedro.io.data_catalog - INFO - Loading data from `ratings` (CSVDataSet)...
2020-07-14 16:37:23,778 - kedro.pipeline.node - INFO - Running node: ratings_table: create_ratings_table([ratings]) -> [ratings_table]
2020-07-14 16:40:31,448 - movie_recommendation.pipelines.data_engineering.nodes - INFO - Running 'create_ratings_table' took 187.67 seconds
2020-07-14 16:40:31,448 - kedro.io.data_catalog - INFO - Saving data to `ratings_table` (CSVDataSet)...
2020-07-14 16:44:07,781 - kedro.runner.sequential_runner - INFO - Completed 1 out of 2 tasks
2020-07-14 16:44:07,782 - kedro.io.data_catalog - INFO - Loading data from `ratings_table` (CSVDataSet)...
2020-07-14 16:44:28,626 - kedro.pipeline.node - INFO - Running node: viewed_table: create_viewed_table([ratings_table]) -> [viewed_table]
2020-07-14 16:44:29,808 - movie_recommendation.pipelines.data_engineering.nodes - INFO - Running 'create_viewed_table' took 1.18 seconds
2020-07-14 16:44:29,808 - kedro.io.data_catalog - INFO - Saving data to `viewed_table` (CSVDataSet)...
2020-07-14 16:45:08,018 - kedro.runner.sequential_runner - INFO - Completed 2 out of 2 tasks
2020-07-14 16:45:08,018 - kedro.runner.sequential_runner - INFO - Pipeline execution completed successfully.
2020-07-14 19:48:20,133 - root - INFO - ** Kedro project movie-recommendation
2020-07-14 19:48:20,147 - kedro.versioning.journal - WARNING - Unable to git describe /Users/jakecerwin/Desktop/17445/i5/movie-recommendation
2020-07-14 19:48:20,183 - kedro.io.data_catalog - INFO - Loading data from `ratings` (CSVDataSet)...
2020-07-14 19:48:29,759 - kedro.pipeline.node - INFO - Running node: create_ratings_table: create_ratings_table([ratings]) -> [ratings_table]
2020-07-14 19:51:45,260 - movie_recommendation.pipelines.data_engineering.nodes - INFO - Running 'create_ratings_table' took 195.50 seconds
2020-07-14 19:51:45,261 - kedro.io.data_catalog - INFO - Saving data to `ratings_table` (CSVDataSet)...
2020-07-14 19:55:22,249 - kedro.runner.sequential_runner - INFO - Completed 1 out of 2 tasks
2020-07-14 19:55:22,249 - kedro.io.data_catalog - INFO - Loading data from `ratings_table` (CSVDataSet)...
2020-07-14 19:55:42,975 - kedro.pipeline.node - INFO - Running node: create_viewed_table: create_viewed_table([ratings_table]) -> [viewed_table]
2020-07-14 19:55:42,979 - kedro.pipeline.node - ERROR - Node `create_viewed_table: create_viewed_table([ratings_table]) -> [viewed_table]` failed with error: 
cannot convert the series to <class 'float'>
2020-07-14 19:55:42,980 - kedro.runner.sequential_runner - WARNING - There are 1 nodes that have not run.
You can resume the pipeline run by adding the following argument to your previous command:
  --from-nodes "create_viewed_table"
2020-07-14 20:10:34,559 - root - INFO - ** Kedro project movie-recommendation
2020-07-14 20:11:28,133 - root - INFO - ** Kedro project movie-recommendation
2020-07-14 20:11:28,148 - kedro.versioning.journal - WARNING - Unable to git describe /Users/jakecerwin/Desktop/17445/i5/movie-recommendation
2020-07-14 20:11:28,179 - kedro.io.data_catalog - INFO - Loading data from `ratings` (CSVDataSet)...
2020-07-14 20:11:37,739 - kedro.pipeline.node - INFO - Running node: create_ratings_table: create_ratings_table([ratings]) -> [ratings_table]
2020-07-14 20:14:51,689 - movie_recommendation.pipelines.data_engineering.nodes - INFO - Running 'create_ratings_table' took 193.95 seconds
2020-07-14 20:14:51,690 - kedro.pipeline.decorators - INFO - Running 'movie_recommendation.pipelines.data_engineering.nodes.create_ratings_table' took 3m13s [193.950s]
2020-07-14 20:14:51,690 - kedro.io.data_catalog - INFO - Saving data to `ratings_table` (CSVDataSet)...
2020-07-14 20:18:28,590 - kedro.runner.sequential_runner - INFO - Completed 1 out of 2 tasks
2020-07-14 20:18:28,590 - kedro.io.data_catalog - INFO - Loading data from `ratings_table` (CSVDataSet)...
2020-07-14 20:18:50,006 - kedro.pipeline.node - INFO - Running node: create_viewed_table: create_viewed_table([ratings_table]) -> [viewed_table]
2020-07-14 20:18:51,501 - movie_recommendation.pipelines.data_engineering.nodes - INFO - Running 'create_viewed_table' took 1.49 seconds
2020-07-14 20:18:51,501 - kedro.pipeline.decorators - INFO - Running 'movie_recommendation.pipelines.data_engineering.nodes.create_viewed_table' took 1.50s [1.495s]
2020-07-14 20:18:51,501 - kedro.io.data_catalog - INFO - Saving data to `viewed_table` (CSVDataSet)...
2020-07-14 20:19:30,570 - kedro.runner.sequential_runner - INFO - Completed 2 out of 2 tasks
2020-07-14 20:19:30,571 - kedro.runner.sequential_runner - INFO - Pipeline execution completed successfully.
2020-07-14 20:20:03,919 - root - INFO - ** Kedro project movie-recommendation
2020-07-14 20:20:03,933 - kedro.versioning.journal - WARNING - Unable to git describe /Users/jakecerwin/Desktop/17445/i5/movie-recommendation
2020-07-14 20:20:03,966 - kedro.io.data_catalog - INFO - Loading data from `ratings` (CSVDataSet)...
2020-07-14 20:20:13,394 - kedro.pipeline.node - INFO - Running node: create_ratings_table: create_ratings_table([ratings]) -> [ratings_table]
2020-07-14 20:22:21,573 - root - INFO - ** Kedro project movie-recommendation
2020-07-14 20:22:21,587 - kedro.versioning.journal - WARNING - Unable to git describe /Users/jakecerwin/Desktop/17445/i5/movie-recommendation
2020-07-14 20:22:21,610 - kedro.io.data_catalog - INFO - Loading data from `ratings` (CSVDataSet)...
2020-07-14 20:22:31,164 - kedro.pipeline.node - INFO - Running node: create_ratings_table: create_ratings_table([ratings]) -> [ratings_table]
2020-07-14 20:25:45,645 - movie_recommendation.pipelines.data_engineering.nodes - INFO - Running 'create_ratings_table' took 194.48 seconds
2020-07-14 20:25:45,645 - kedro.pipeline.decorators - INFO - Running 'movie_recommendation.pipelines.data_engineering.nodes.create_ratings_table' took 3m14s [194.481s]
2020-07-14 20:25:45,646 - kedro.io.data_catalog - INFO - Saving data to `ratings_table` (CSVDataSet)...
2020-07-14 20:29:25,212 - kedro.runner.sequential_runner - INFO - Completed 1 out of 4 tasks
2020-07-14 20:29:25,212 - kedro.io.data_catalog - INFO - Loading data from `ratings_table` (CSVDataSet)...
2020-07-14 20:29:46,257 - kedro.pipeline.node - INFO - Running node: create_viewed_table: create_viewed_table([ratings_table]) -> [viewed_table]
2020-07-14 20:29:47,829 - movie_recommendation.pipelines.data_engineering.nodes - INFO - Running 'create_viewed_table' took 1.57 seconds
2020-07-14 20:29:47,830 - kedro.pipeline.decorators - INFO - Running 'movie_recommendation.pipelines.data_engineering.nodes.create_viewed_table' took 1.57s [1.573s]
2020-07-14 20:29:47,830 - kedro.io.data_catalog - INFO - Saving data to `viewed_table` (CSVDataSet)...
2020-07-14 20:30:25,272 - kedro.runner.sequential_runner - INFO - Completed 2 out of 4 tasks
2020-07-14 20:30:25,273 - kedro.io.data_catalog - INFO - Loading data from `ratings_table` (CSVDataSet)...
2020-07-14 20:30:46,263 - kedro.io.data_catalog - INFO - Loading data from `viewed_table` (CSVDataSet)...
2020-07-14 20:31:01,451 - kedro.io.data_catalog - INFO - Loading data from `parameters` (MemoryDataSet)...
2020-07-14 20:31:01,452 - kedro.pipeline.node - INFO - Running node: split_data([parameters,ratings_table,viewed_table]) -> [evaluation_table,test_table,train_table]
2020-07-14 20:31:01,452 - kedro.pipeline.node - ERROR - Node `split_data([parameters,ratings_table,viewed_table]) -> [evaluation_table,test_table,train_table]` failed with error: 
split_data() missing 2 required positional arguments: 'validation_size' and 'random_state'
2020-07-14 20:31:01,455 - kedro.runner.sequential_runner - WARNING - There are 2 nodes that have not run.
You can resume the pipeline run by adding the following argument to your previous command:
  --from-nodes "split_data([parameters,ratings_table,viewed_table]) -> [evaluation_table,test_table,train_table],train_model([train_table,viewed_table]) -> [prediction_table]"
2020-07-14 20:39:09,347 - root - INFO - ** Kedro project movie-recommendation
2020-07-14 20:39:09,361 - kedro.versioning.journal - WARNING - Unable to git describe /Users/jakecerwin/Desktop/17445/i5/movie-recommendation
2020-07-14 20:39:09,399 - kedro.io.data_catalog - INFO - Loading data from `ratings_table` (CSVDataSet)...
2020-07-14 20:39:30,283 - kedro.io.data_catalog - INFO - Loading data from `viewed_table` (CSVDataSet)...
2020-07-14 20:39:45,406 - kedro.io.data_catalog - INFO - Loading data from `parameters` (MemoryDataSet)...
2020-07-14 20:39:45,406 - kedro.pipeline.node - INFO - Running node: split_data([parameters,ratings_table,viewed_table]) -> [evaluation_table,test_table,train_table]
2020-07-14 20:39:45,407 - kedro.pipeline.node - ERROR - Node `split_data([parameters,ratings_table,viewed_table]) -> [evaluation_table,test_table,train_table]` failed with error: 
randint() got an unexpected keyword argument 'size'
2020-07-14 20:39:45,408 - kedro.runner.sequential_runner - WARNING - There are 2 nodes that have not run.
You can resume the pipeline run by adding the following argument to your previous command:

2020-07-14 20:40:26,622 - root - INFO - ** Kedro project movie-recommendation
2020-07-14 20:40:26,636 - kedro.versioning.journal - WARNING - Unable to git describe /Users/jakecerwin/Desktop/17445/i5/movie-recommendation
2020-07-14 20:40:26,669 - kedro.io.data_catalog - INFO - Loading data from `ratings_table` (CSVDataSet)...
2020-07-14 20:40:47,672 - kedro.io.data_catalog - INFO - Loading data from `viewed_table` (CSVDataSet)...
2020-07-14 20:41:02,877 - kedro.io.data_catalog - INFO - Loading data from `parameters` (MemoryDataSet)...
2020-07-14 20:41:02,877 - kedro.pipeline.node - INFO - Running node: split_data([parameters,ratings_table,viewed_table]) -> [evaluation_table,test_table,train_table]
2020-07-14 20:41:02,878 - kedro.pipeline.node - ERROR - Node `split_data([parameters,ratings_table,viewed_table]) -> [evaluation_table,test_table,train_table]` failed with error: 
__init__() got an unexpected keyword argument 'size'
2020-07-14 20:41:02,879 - kedro.runner.sequential_runner - WARNING - There are 2 nodes that have not run.
You can resume the pipeline run by adding the following argument to your previous command:

2020-07-14 20:44:09,284 - root - INFO - ** Kedro project movie-recommendation
2020-07-14 20:44:09,299 - kedro.versioning.journal - WARNING - Unable to git describe /Users/jakecerwin/Desktop/17445/i5/movie-recommendation
2020-07-14 20:44:09,335 - kedro.io.data_catalog - INFO - Loading data from `ratings_table` (CSVDataSet)...
2020-07-14 20:44:30,242 - kedro.io.data_catalog - INFO - Loading data from `viewed_table` (CSVDataSet)...
2020-07-14 20:44:45,371 - kedro.io.data_catalog - INFO - Loading data from `parameters` (MemoryDataSet)...
2020-07-14 20:44:45,372 - kedro.pipeline.node - INFO - Running node: split_data([parameters,ratings_table,viewed_table]) -> [evaluation_table,test_table,train_table]
2020-07-14 20:44:45,372 - kedro.pipeline.node - ERROR - Node `split_data([parameters,ratings_table,viewed_table]) -> [evaluation_table,test_table,train_table]` failed with error: 
DataFrame constructor not properly called!
2020-07-14 20:44:45,373 - kedro.runner.sequential_runner - WARNING - There are 2 nodes that have not run.
You can resume the pipeline run by adding the following argument to your previous command:

2020-07-14 21:51:59,383 - root - INFO - ** Kedro project movie-recommendation
2020-07-14 21:51:59,396 - kedro.versioning.journal - WARNING - Unable to git describe /Users/jakecerwin/Desktop/17445/i5/movie-recommendation
2020-07-14 21:51:59,431 - kedro.io.data_catalog - INFO - Loading data from `ratings_table` (CSVDataSet)...
2020-07-14 21:52:20,201 - kedro.io.data_catalog - INFO - Loading data from `viewed_table` (CSVDataSet)...
2020-07-14 21:52:35,436 - kedro.io.data_catalog - INFO - Loading data from `parameters` (MemoryDataSet)...
2020-07-14 21:52:35,437 - kedro.pipeline.node - INFO - Running node: split_data([parameters,ratings_table,viewed_table]) -> [evaluation_table,test_table,train_table]
2020-07-14 21:52:35,439 - kedro.pipeline.node - ERROR - Node `split_data([parameters,ratings_table,viewed_table]) -> [evaluation_table,test_table,train_table]` failed with error: 
DataFrame constructor not properly called!
2020-07-14 21:52:35,440 - kedro.runner.sequential_runner - WARNING - There are 2 nodes that have not run.
You can resume the pipeline run by adding the following argument to your previous command:

2020-07-14 21:57:41,593 - root - INFO - ** Kedro project movie-recommendation
2020-07-14 21:57:41,606 - kedro.versioning.journal - WARNING - Unable to git describe /Users/jakecerwin/Desktop/17445/i5/movie-recommendation
2020-07-14 21:57:41,642 - kedro.io.data_catalog - INFO - Loading data from `ratings_table` (CSVDataSet)...
2020-07-14 21:58:02,938 - kedro.io.data_catalog - INFO - Loading data from `viewed_table` (CSVDataSet)...
2020-07-14 21:58:18,277 - kedro.io.data_catalog - INFO - Loading data from `parameters` (MemoryDataSet)...
2020-07-14 21:58:18,278 - kedro.pipeline.node - INFO - Running node: split_data([parameters,ratings_table,viewed_table]) -> [evaluation_table,test_table,train_table]
2020-07-14 21:58:18,278 - kedro.pipeline.node - ERROR - Node `split_data([parameters,ratings_table,viewed_table]) -> [evaluation_table,test_table,train_table]` failed with error: 
'Index' object is not callable
2020-07-14 21:58:18,279 - kedro.runner.sequential_runner - WARNING - There are 2 nodes that have not run.
You can resume the pipeline run by adding the following argument to your previous command:

2020-07-14 22:00:09,083 - root - INFO - ** Kedro project movie-recommendation
2020-07-14 22:00:09,098 - kedro.versioning.journal - WARNING - Unable to git describe /Users/jakecerwin/Desktop/17445/i5/movie-recommendation
2020-07-14 22:00:09,130 - kedro.io.data_catalog - INFO - Loading data from `ratings_table` (CSVDataSet)...
2020-07-14 22:00:30,452 - kedro.io.data_catalog - INFO - Loading data from `viewed_table` (CSVDataSet)...
2020-07-14 22:00:45,555 - kedro.io.data_catalog - INFO - Loading data from `parameters` (MemoryDataSet)...
2020-07-14 22:00:45,556 - kedro.pipeline.node - INFO - Running node: split_data([parameters,ratings_table,viewed_table]) -> [evaluation_table,test_table,train_table]
2020-07-14 22:00:48,607 - kedro.pipeline.node - ERROR - Node `split_data([parameters,ratings_table,viewed_table]) -> [evaluation_table,test_table,train_table]` failed with error: 
Shape of passed values is (252343802, 1), indices imply (252343802, 458)
2020-07-14 22:00:48,608 - kedro.runner.sequential_runner - WARNING - There are 2 nodes that have not run.
You can resume the pipeline run by adding the following argument to your previous command:

2020-07-14 22:07:18,889 - root - INFO - ** Kedro project movie-recommendation
2020-07-14 22:07:18,903 - kedro.versioning.journal - WARNING - Unable to git describe /Users/jakecerwin/Desktop/17445/i5/movie-recommendation
2020-07-14 22:07:18,937 - kedro.io.data_catalog - INFO - Loading data from `ratings_table` (CSVDataSet)...
2020-07-14 22:07:40,142 - kedro.io.data_catalog - INFO - Loading data from `viewed_table` (CSVDataSet)...
2020-07-14 22:07:55,632 - kedro.io.data_catalog - INFO - Loading data from `parameters` (MemoryDataSet)...
2020-07-14 22:07:55,632 - kedro.pipeline.node - INFO - Running node: split_data([parameters,ratings_table,viewed_table]) -> [evaluation_table,test_table,train_table]
2020-07-14 22:08:25,162 - kedro.pipeline.node - ERROR - Node `split_data([parameters,ratings_table,viewed_table]) -> [evaluation_table,test_table,train_table]` failed with error: 
The truth value of a Series is ambiguous. Use a.empty, a.bool(), a.item(), a.any() or a.all().
2020-07-14 22:08:25,165 - kedro.runner.sequential_runner - WARNING - There are 2 nodes that have not run.
You can resume the pipeline run by adding the following argument to your previous command:

2020-07-14 22:27:41,069 - root - INFO - ** Kedro project Movie Recommendation
2020-07-14 22:27:41,070 - root - INFO - Defined global variable `context` and `catalog`
2020-07-14 22:28:19,634 - kedro.io.data_catalog - INFO - Loading data from `ratings_table` (CSVDataSet)...
2020-07-14 22:28:46,274 - kedro.io.data_catalog - INFO - Loading data from `ratings_table` (CSVDataSet)...
2020-07-14 22:29:32,968 - kedro.io.data_catalog - INFO - Loading data from `ratings_table` (CSVDataSet)...
2020-07-14 22:30:11,305 - root - INFO - ** Kedro project movie-recommendation
2020-07-14 22:30:11,318 - kedro.versioning.journal - WARNING - Unable to git describe /Users/jakecerwin/Desktop/17445/i5/movie-recommendation
2020-07-14 22:30:11,341 - kedro.io.data_catalog - INFO - Loading data from `ratings_table` (CSVDataSet)...
2020-07-14 22:30:31,546 - kedro.io.data_catalog - INFO - Loading data from `viewed_table` (CSVDataSet)...
2020-07-14 22:30:46,318 - kedro.io.data_catalog - INFO - Loading data from `parameters` (MemoryDataSet)...
2020-07-14 22:30:46,319 - kedro.pipeline.node - INFO - Running node: split_data([parameters,ratings_table,viewed_table]) -> [evaluation_table,test_table,train_table]
2020-07-14 22:31:14,234 - kedro.pipeline.node - ERROR - Node `split_data([parameters,ratings_table,viewed_table]) -> [evaluation_table,test_table,train_table]` failed with error: 
The truth value of a Series is ambiguous. Use a.empty, a.bool(), a.item(), a.any() or a.all().
2020-07-14 22:31:14,235 - kedro.runner.sequential_runner - WARNING - There are 2 nodes that have not run.
You can resume the pipeline run by adding the following argument to your previous command:

2020-07-14 22:32:55,451 - root - INFO - ** Kedro project movie-recommendation
2020-07-14 22:32:55,465 - kedro.versioning.journal - WARNING - Unable to git describe /Users/jakecerwin/Desktop/17445/i5/movie-recommendation
2020-07-14 22:32:55,499 - kedro.io.data_catalog - INFO - Loading data from `ratings_table` (CSVDataSet)...
2020-07-14 22:33:16,072 - kedro.io.data_catalog - INFO - Loading data from `viewed_table` (CSVDataSet)...
2020-07-14 22:33:30,472 - kedro.io.data_catalog - INFO - Loading data from `parameters` (MemoryDataSet)...
2020-07-14 22:33:30,472 - kedro.pipeline.node - INFO - Running node: split_data([parameters,ratings_table,viewed_table]) -> [evaluation_table,test_table,train_table]
2020-07-14 22:33:58,192 - kedro.pipeline.node - ERROR - Node `split_data([parameters,ratings_table,viewed_table]) -> [evaluation_table,test_table,train_table]` failed with error: 
The truth value of a Series is ambiguous. Use a.empty, a.bool(), a.item(), a.any() or a.all().
2020-07-14 22:33:58,193 - kedro.runner.sequential_runner - WARNING - There are 2 nodes that have not run.
You can resume the pipeline run by adding the following argument to your previous command:

2020-07-14 22:42:23,372 - root - INFO - ** Kedro project movie-recommendation
2020-07-14 22:42:23,387 - kedro.versioning.journal - WARNING - Unable to git describe /Users/jakecerwin/Desktop/17445/i5/movie-recommendation
2020-07-14 22:42:23,421 - kedro.io.data_catalog - INFO - Loading data from `ratings_table` (CSVDataSet)...
2020-07-14 22:42:44,170 - kedro.io.data_catalog - INFO - Loading data from `viewed_table` (CSVDataSet)...
2020-07-14 22:42:59,305 - kedro.io.data_catalog - INFO - Loading data from `parameters` (MemoryDataSet)...
2020-07-14 22:42:59,306 - kedro.pipeline.node - INFO - Running node: split_data([parameters,ratings_table,viewed_table]) -> [evaluation_table,test_table,train_table]
2020-07-14 22:44:05,927 - movie_recommendation.pipelines.data_science.nodes - INFO - Running 'split_data' took 66.61 seconds
2020-07-14 22:44:05,962 - kedro.pipeline.decorators - INFO - Running 'movie_recommendation.pipelines.data_science.nodes.split_data' took 1m06s [66.655s]
2020-07-14 22:44:05,970 - kedro.io.data_catalog - INFO - Saving data to `train_table` (MemoryDataSet)...
2020-07-14 22:44:07,824 - kedro.io.data_catalog - INFO - Saving data to `test_table` (MemoryDataSet)...
2020-07-14 22:44:09,990 - kedro.io.data_catalog - INFO - Saving data to `evaluation_table` (MemoryDataSet)...
2020-07-14 22:44:13,347 - kedro.runner.sequential_runner - INFO - Completed 1 out of 2 tasks
2020-07-14 22:44:13,350 - kedro.io.data_catalog - INFO - Loading data from `train_table` (MemoryDataSet)...
2020-07-14 22:44:15,099 - kedro.io.data_catalog - INFO - Loading data from `viewed_table` (CSVDataSet)...
2020-07-14 22:44:30,034 - kedro.pipeline.node - INFO - Running node: train_model([train_table,viewed_table]) -> [prediction_table]
2020-07-14 22:45:23,330 - kedro.pipeline.decorators - INFO - Running 'movie_recommendation.pipelines.data_science.nodes.train_model' took 53.30s [53.295s]
2020-07-14 22:45:23,337 - kedro.pipeline.node - ERROR - Node `train_model([train_table,viewed_table]) -> [prediction_table]` failed with error: 
Failed to save outputs of node train_model([train_table,viewed_table]) -> [prediction_table].
The node definition contains a list of outputs ['prediction_table'], whereas the node function returned a `DataFrame`.
2020-07-14 22:45:23,374 - kedro.runner.sequential_runner - WARNING - There are 1 nodes that have not run.
You can resume the pipeline run by adding the following argument to your previous command:
  --from-nodes "train_model([train_table,viewed_table]) -> [prediction_table]"
2020-07-14 23:00:51,386 - root - INFO - ** Kedro project movie-recommendation
2020-07-14 23:00:51,399 - kedro.versioning.journal - WARNING - Unable to git describe /Users/jakecerwin/Desktop/17445/i5/movie-recommendation
2020-07-14 23:00:51,439 - kedro.io.data_catalog - INFO - Loading data from `ratings_table` (CSVDataSet)...
2020-07-14 23:01:11,685 - kedro.io.data_catalog - INFO - Loading data from `viewed_table` (CSVDataSet)...
2020-07-14 23:01:26,112 - kedro.io.data_catalog - INFO - Loading data from `parameters` (MemoryDataSet)...
2020-07-14 23:01:26,113 - kedro.pipeline.node - INFO - Running node: split_data([parameters,ratings_table,viewed_table]) -> [evaluation_table,test_table,train_table]
2020-07-14 23:02:33,762 - movie_recommendation.pipelines.data_science.nodes - INFO - Running 'split_data' took 67.64 seconds
2020-07-14 23:02:33,789 - kedro.pipeline.decorators - INFO - Running 'movie_recommendation.pipelines.data_science.nodes.split_data' took 1m07s [67.676s]
2020-07-14 23:02:33,800 - kedro.io.data_catalog - INFO - Saving data to `train_table` (MemoryDataSet)...
2020-07-14 23:02:35,677 - kedro.io.data_catalog - INFO - Saving data to `test_table` (MemoryDataSet)...
2020-07-14 23:02:37,900 - kedro.io.data_catalog - INFO - Saving data to `evaluation_table` (MemoryDataSet)...
2020-07-14 23:02:41,160 - kedro.runner.sequential_runner - INFO - Completed 1 out of 2 tasks
2020-07-14 23:02:41,163 - kedro.io.data_catalog - INFO - Loading data from `train_table` (MemoryDataSet)...
2020-07-14 23:02:42,874 - kedro.io.data_catalog - INFO - Loading data from `viewed_table` (CSVDataSet)...
2020-07-14 23:02:57,549 - kedro.pipeline.node - INFO - Running node: train_model([train_table,viewed_table]) -> [prediction_table]
2020-07-14 23:03:56,048 - kedro.pipeline.decorators - INFO - Running 'movie_recommendation.pipelines.data_science.nodes.train_model' took 58.50s [58.496s]
2020-07-14 23:03:56,055 - kedro.io.data_catalog - INFO - Saving data to `prediction_table` (CSVDataSet)...
2020-07-14 23:07:08,487 - kedro.runner.sequential_runner - INFO - Completed 2 out of 2 tasks
2020-07-14 23:07:08,489 - kedro.runner.sequential_runner - INFO - Pipeline execution completed successfully.
2020-07-14 23:07:08,489 - kedro.io.data_catalog - INFO - Loading data from `evaluation_table` (MemoryDataSet)...
2020-07-14 23:07:10,303 - kedro.io.data_catalog - INFO - Loading data from `test_table` (MemoryDataSet)...
